"QUERY PLAN"
"Sort  (cost=1495.24..1499.24 rows=1599 width=40) (actual time=29.006..29.010 rows=55 loops=1)"
"  Sort Key: (date_trunc('month'::text, (o.order_date)::timestamp with time zone))"
"  Sort Method: quicksort  Memory: 27kB"
"  ->  HashAggregate  (cost=1382.16..1410.15 rows=1599 width=40) (actual time=28.965..28.977 rows=55 loops=1)"
"        Group Key: date_trunc('month'::text, (o.order_date)::timestamp with time zone)"
"        Batches: 1  Memory Usage: 97kB"
"        ->  Hash Join  (cost=646.65..1165.87 rows=21629 width=19) (actual time=9.130..23.135 rows=21629 loops=1)"
"              Hash Cond: (oi.order_id = o.order_id)"
"              ->  Seq Scan on order_items oi  (cost=0.00..354.29 rows=21629 width=15) (actual time=0.014..1.332 rows=21629 loops=1)"
"              ->  Hash  (cost=376.29..376.29 rows=21629 width=8) (actual time=9.028..9.028 rows=21629 loops=1)"
"                    Buckets: 32768  Batches: 1  Memory Usage: 1101kB"
"                    ->  Seq Scan on orders o  (cost=0.00..376.29 rows=21629 width=8) (actual time=0.013..4.497 rows=21629 loops=1)"
"Planning Time: 3.341 ms"
"Execution Time: 29.093 ms"
