"QUERY PLAN"
"Sort  (cost=738.76..739.26 rows=200 width=250) (actual time=22.524..22.526 rows=6 loops=1)"
"  Sort Key: (sum(((oi.quantity)::numeric * oi.price_per_unit))) DESC"
"  Sort Method: quicksort  Memory: 25kB"
"  ->  HashAggregate  (cost=728.61..731.11 rows=200 width=250) (actual time=22.515..22.518 rows=6 loops=1)"
"        Group Key: c.category_name"
"        Batches: 1  Memory Usage: 40kB"
"        ->  Hash Join  (cost=43.41..512.32 rows=21629 width=229) (actual time=0.177..13.139 rows=21629 loops=1)"
"              Hash Cond: (p.category_id = c.category_id)"
"              ->  Hash Join  (cost=26.21..437.59 rows=21629 width=15) (actual time=0.160..8.459 rows=21629 loops=1)"
"                    Hash Cond: (oi.product_id = p.product_id)"
"                    ->  Seq Scan on order_items oi  (cost=0.00..354.29 rows=21629 width=15) (actual time=0.004..1.961 rows=21629 loops=1)"
"                    ->  Hash  (cost=16.65..16.65 rows=765 width=8) (actual time=0.152..0.152 rows=765 loops=1)"
"                          Buckets: 1024  Batches: 1  Memory Usage: 38kB"
"                          ->  Seq Scan on products p  (cost=0.00..16.65 rows=765 width=8) (actual time=0.002..0.077 rows=765 loops=1)"
"              ->  Hash  (cost=13.20..13.20 rows=320 width=222) (actual time=0.014..0.014 rows=6 loops=1)"
"                    Buckets: 1024  Batches: 1  Memory Usage: 9kB"
"                    ->  Seq Scan on category c  (cost=0.00..13.20 rows=320 width=222) (actual time=0.007..0.008 rows=6 loops=1)"
"Planning Time: 0.713 ms"
"Execution Time: 22.567 ms"
