"QUERY PLAN"
"Sort  (cost=1495.24..1499.24 rows=1599 width=40) (actual time=27.378..27.380 rows=55 loops=1)"
"  Sort Key: (date_trunc('month'::text, (o.order_date)::timestamp with time zone))"
"  Sort Method: quicksort  Memory: 27kB"
"  ->  HashAggregate  (cost=1382.16..1410.15 rows=1599 width=40) (actual time=27.336..27.347 rows=55 loops=1)"
"        Group Key: date_trunc('month'::text, (o.order_date)::timestamp with time zone)"
"        Batches: 1  Memory Usage: 97kB"
"        ->  Hash Join  (cost=646.65..1165.87 rows=21629 width=19) (actual time=8.802..21.873 rows=21629 loops=1)"
"              Hash Cond: (oi.order_id = o.order_id)"
"              ->  Seq Scan on order_items oi  (cost=0.00..354.29 rows=21629 width=15) (actual time=0.010..1.218 rows=21629 loops=1)"
"              ->  Hash  (cost=376.29..376.29 rows=21629 width=8) (actual time=8.755..8.755 rows=21629 loops=1)"
"                    Buckets: 32768  Batches: 1  Memory Usage: 1101kB"
"                    ->  Seq Scan on orders o  (cost=0.00..376.29 rows=21629 width=8) (actual time=0.009..4.108 rows=21629 loops=1)"
"Planning Time: 0.670 ms"
"Execution Time: 27.434 ms"
