"QUERY PLAN"
"Limit  (cost=679.80..679.83 rows=10 width=53) (actual time=17.953..17.957 rows=10 loops=1)"
"  ->  Sort  (cost=679.80..681.70 rows=760 width=53) (actual time=17.952..17.954 rows=10 loops=1)"
"        Sort Key: (sum(((oi.quantity)::numeric * oi.price_per_unit))) DESC"
"        Sort Method: top-N heapsort  Memory: 26kB"
"        ->  HashAggregate  (cost=653.88..663.38 rows=760 width=53) (actual time=17.630..17.796 rows=745 loops=1)"
"              Group Key: p.product_name"
"              Batches: 1  Memory Usage: 553kB"
"              ->  Hash Join  (cost=26.21..437.59 rows=21629 width=32) (actual time=0.436..8.198 rows=21629 loops=1)"
"                    Hash Cond: (oi.product_id = p.product_id)"
"                    ->  Seq Scan on order_items oi  (cost=0.00..354.29 rows=21629 width=15) (actual time=0.014..1.764 rows=21629 loops=1)"
"                    ->  Hash  (cost=16.65..16.65 rows=765 width=25) (actual time=0.412..0.413 rows=765 loops=1)"
"                          Buckets: 1024  Batches: 1  Memory Usage: 52kB"
"                          ->  Seq Scan on products p  (cost=0.00..16.65 rows=765 width=25) (actual time=0.017..0.194 rows=765 loops=1)"
"Planning Time: 3.009 ms"
"Execution Time: 18.023 ms"
