"QUERY PLAN"
"Limit  (cost=679.80..679.83 rows=10 width=53) (actual time=18.971..18.975 rows=10 loops=1)"
"  ->  Sort  (cost=679.80..681.70 rows=760 width=53) (actual time=18.970..18.972 rows=10 loops=1)"
"        Sort Key: (sum(((oi.quantity)::numeric * oi.price_per_unit))) DESC"
"        Sort Method: top-N heapsort  Memory: 26kB"
"        ->  HashAggregate  (cost=653.88..663.38 rows=760 width=53) (actual time=18.698..18.850 rows=745 loops=1)"
"              Group Key: p.product_name"
"              Batches: 1  Memory Usage: 553kB"
"              ->  Hash Join  (cost=26.21..437.59 rows=21629 width=32) (actual time=0.169..8.361 rows=21629 loops=1)"
"                    Hash Cond: (oi.product_id = p.product_id)"
"                    ->  Seq Scan on order_items oi  (cost=0.00..354.29 rows=21629 width=15) (actual time=0.013..1.783 rows=21629 loops=1)"
"                    ->  Hash  (cost=16.65..16.65 rows=765 width=25) (actual time=0.150..0.151 rows=765 loops=1)"
"                          Buckets: 1024  Batches: 1  Memory Usage: 52kB"
"                          ->  Seq Scan on products p  (cost=0.00..16.65 rows=765 width=25) (actual time=0.004..0.072 rows=765 loops=1)"
"Planning Time: 0.623 ms"
"Execution Time: 19.019 ms"
